2025-04-26 00:57:44,554 - BẮT ĐẦU THU THẬP DỮ LIỆU: 2025-04-26 00:57:44
2025-04-26 00:57:44,554 - 
--- LĨNH VỰC: Technology ---
2025-04-26 00:57:44,555 - Đang thu thập từ r/technology... (Lần thử 1)
2025-04-26 00:57:44,558 - Đang thu thập từ r/gadgets... (Lần thử 1)
2025-04-26 00:57:44,655 - Retrying due to ConnectionError(ProtocolError('Connection aborted.', ConnectionResetError(104, 'Connection reset by peer'))) status: GET https://oauth.reddit.com/r/technology/top
2025-04-26 00:57:44,655 - Retrying due to ConnectionError(ProtocolError('Connection aborted.', ConnectionResetError(104, 'Connection reset by peer'))) status: GET https://oauth.reddit.com/r/gadgets/top
2025-04-26 00:57:45,047 - Retrying due to ConnectionError(ProtocolError('Connection aborted.', ConnectionResetError(104, 'Connection reset by peer'))) status: GET https://oauth.reddit.com/r/gadgets/top
2025-04-26 00:57:45,910 - Retrying due to ConnectionError(ProtocolError('Connection aborted.', ConnectionResetError(104, 'Connection reset by peer'))) status: GET https://oauth.reddit.com/r/technology/top
2025-04-26 00:57:48,552 - Lỗi API khi thu thập r/gadgets: error with request ('Connection aborted.', ConnectionResetError(104, 'Connection reset by peer'))
2025-04-26 00:57:48,552 - Thử lại sau 60s...
2025-04-26 00:57:48,683 - Lỗi API khi thu thập r/technology: error with request ('Connection aborted.', ConnectionResetError(104, 'Connection reset by peer'))
2025-04-26 00:57:48,684 - Thử lại sau 60s...
2025-04-26 00:58:48,593 - Đang thu thập từ r/gadgets... (Lần thử 2)
2025-04-26 00:58:48,702 - Đang thu thập từ r/technology... (Lần thử 2)
2025-04-26 00:58:48,782 - Retrying due to ConnectionError(ProtocolError('Connection aborted.', ConnectionResetError(104, 'Connection reset by peer'))) status: GET https://oauth.reddit.com/r/technology/top
2025-04-26 00:58:50,402 - API còn lại: 999.0 yêu cầu, reset sau 1.17 phút
2025-04-26 00:58:51,483 - API còn lại: 998.0 yêu cầu, reset sau 1.17 phút
2025-04-26 01:00:44,469 - API còn lại: 966.0 yêu cầu, reset sau 9.25 phút
2025-04-26 01:00:50,107 - Đã lưu 55 bản ghi vào Data/contents_20250426_010050.csv
2025-04-26 01:00:50,129 - Đã lưu 2462 bản ghi vào Data/comments_20250426_010050.csv
2025-04-26 01:00:50,129 - Đã thu thập 55 bài đăng từ r/gadgets
2025-04-26 01:00:50,129 - Đang thu thập từ r/programming... (Lần thử 1)
2025-04-26 01:00:51,550 - API còn lại: 958.0 yêu cầu, reset sau 9.15 phút
2025-04-26 01:02:24,137 - API còn lại: 893.0 yêu cầu, reset sau 7.63 phút
2025-04-26 01:02:32,506 - API còn lại: 884.0 yêu cầu, reset sau 7.47 phút
2025-04-26 01:03:38,454 - API còn lại: 817.0 yêu cầu, reset sau 6.38 phút
2025-04-26 01:04:35,748 - API còn lại: 751.0 yêu cầu, reset sau 5.40 phút
2025-04-26 01:05:28,059 - API còn lại: 686.0 yêu cầu, reset sau 4.55 phút
2025-04-26 01:05:30,184 - API còn lại: 682.0 yêu cầu, reset sau 4.52 phút
2025-04-26 01:06:20,238 - API còn lại: 614.0 yêu cầu, reset sau 3.67 phút
2025-04-26 01:07:12,575 - API còn lại: 546.0 yêu cầu, reset sau 2.80 phút
2025-04-26 01:07:53,754 - API còn lại: 492.0 yêu cầu, reset sau 2.12 phút
2025-04-26 01:08:01,923 - API còn lại: 479.0 yêu cầu, reset sau 1.97 phút
2025-04-26 01:08:52,210 - API còn lại: 410.0 yêu cầu, reset sau 1.13 phút
2025-04-26 01:09:41,044 - API còn lại: 339.0 yêu cầu, reset sau 0.32 phút
2025-04-26 01:10:10,981 - API còn lại: 986.0 yêu cầu, reset sau 9.82 phút
2025-04-26 01:10:30,510 - Đã lưu 500 bản ghi vào Data/contents_20250426_011030.csv
2025-04-26 01:10:30,533 - Đã lưu 2689 bản ghi vào Data/comments_20250426_011030.csv
2025-04-26 01:10:30,534 - Đã thu thập 500 bài đăng từ r/programming
2025-04-26 01:10:31,744 - API còn lại: 959.0 yêu cầu, reset sau 9.48 phút
2025-04-26 01:11:21,085 - API còn lại: 891.0 yêu cầu, reset sau 8.65 phút
2025-04-26 01:12:08,935 - API còn lại: 821.0 yêu cầu, reset sau 7.87 phút
2025-04-26 01:12:27,505 - API còn lại: 798.0 yêu cầu, reset sau 7.57 phút
2025-04-26 01:12:55,323 - API còn lại: 752.0 yêu cầu, reset sau 7.07 phút
2025-04-26 01:13:45,501 - API còn lại: 682.0 yêu cầu, reset sau 6.25 phút
2025-04-26 01:14:28,702 - API còn lại: 619.0 yêu cầu, reset sau 5.53 phút
2025-04-26 01:14:32,680 - API còn lại: 611.0 yêu cầu, reset sau 5.45 phút
2025-04-26 01:15:21,112 - API còn lại: 538.0 yêu cầu, reset sau 4.67 phút
2025-04-26 01:16:09,023 - API còn lại: 463.0 yêu cầu, reset sau 3.85 phút
2025-04-26 01:16:11,619 - API còn lại: 461.0 yêu cầu, reset sau 3.82 phút
2025-04-26 01:16:58,213 - API còn lại: 388.0 yêu cầu, reset sau 3.03 phút
2025-04-26 01:17:44,027 - API còn lại: 313.0 yêu cầu, reset sau 2.28 phút
2025-04-26 01:17:45,501 - API còn lại: 309.0 yêu cầu, reset sau 2.23 phút
2025-04-26 01:18:31,901 - Đã lưu 498 bản ghi vào Data/contents_20250426_011831.csv
2025-04-26 01:18:31,907 - Đã lưu 544 bản ghi vào Data/comments_20250426_011831.csv
2025-04-26 01:18:31,907 - Đã thu thập 498 bài đăng từ r/programming
2025-04-26 01:18:31,907 - Đang thu thập từ r/science... (Lần thử 1)
2025-04-26 01:18:33,543 - API còn lại: 233.0 yêu cầu, reset sau 1.45 phút
2025-04-26 01:19:10,407 - API còn lại: 201.0 yêu cầu, reset sau 0.85 phút
2025-04-26 01:20:28,688 - Đã lưu 500 bản ghi vào Data/contents_20250426_012028.csv
2025-04-26 01:20:28,852 - Đã lưu 29292 bản ghi vào Data/comments_20250426_012028.csv
2025-04-26 01:20:28,853 - Đã thu thập 500 bài đăng từ r/technology
2025-04-26 01:20:30,637 - API còn lại: 971.0 yêu cầu, reset sau 9.50 phút
2025-04-26 01:21:16,206 - API còn lại: 926.0 yêu cầu, reset sau 8.75 phút
2025-04-26 01:21:44,474 - API còn lại: 893.0 yêu cầu, reset sau 8.27 phút
2025-04-26 01:22:59,296 - API còn lại: 809.0 yêu cầu, reset sau 7.03 phút
2025-04-26 01:23:14,177 - API còn lại: 794.0 yêu cầu, reset sau 6.78 phút
2025-04-26 01:24:03,636 - API còn lại: 727.0 yêu cầu, reset sau 5.95 phút
2025-04-26 01:24:46,985 - API còn lại: 667.0 yêu cầu, reset sau 5.22 phút
2025-04-26 01:25:08,999 - API còn lại: 640.0 yêu cầu, reset sau 4.87 phút
2025-04-26 01:26:05,860 - API còn lại: 557.0 yêu cầu, reset sau 3.92 phút
2025-04-26 01:26:12,995 - API còn lại: 545.0 yêu cầu, reset sau 3.78 phút
2025-04-26 01:27:09,599 - API còn lại: 457.0 yêu cầu, reset sau 2.87 phút
2025-04-26 01:27:18,165 - API còn lại: 442.0 yêu cầu, reset sau 2.70 phút
2025-04-26 01:28:06,360 - API còn lại: 361.0 yêu cầu, reset sau 1.88 phút
2025-04-26 01:28:21,422 - API còn lại: 334.0 yêu cầu, reset sau 1.65 phút
2025-04-26 01:29:00,762 - API còn lại: 261.0 yêu cầu, reset sau 1.00 phút
2025-04-26 01:29:12,721 - API còn lại: 237.0 yêu cầu, reset sau 0.78 phút
2025-04-26 01:29:53,341 - API còn lại: 158.0 yêu cầu, reset sau 0.10 phút
2025-04-26 01:30:05,477 - API còn lại: 992.0 yêu cầu, reset sau 9.92 phút
2025-04-26 01:30:52,628 - Đã lưu 500 bản ghi vào Data/contents_20250426_013052.csv
2025-04-26 01:30:52,687 - Đã lưu 6340 bản ghi vào Data/comments_20250426_013052.csv
2025-04-26 01:30:52,690 - Đã thu thập 500 bài đăng từ r/technology
2025-04-26 01:30:52,694 - Đang thu thập từ r/todayilearned... (Lần thử 1)
2025-04-26 01:30:55,146 - API còn lại: 908.0 yêu cầu, reset sau 9.10 phút
2025-04-26 01:31:03,121 - API còn lại: 898.0 yêu cầu, reset sau 8.95 phút
2025-04-26 01:31:51,902 - Đã lưu 500 bản ghi vào Data/contents_20250426_013151.csv
2025-04-26 01:31:51,971 - Đã lưu 9618 bản ghi vào Data/comments_20250426_013151.csv
2025-04-26 01:31:51,973 - Đã thu thập 500 bài đăng từ r/science
2025-04-26 01:31:53,513 - API còn lại: 836.0 yêu cầu, reset sau 8.12 phút
2025-04-26 01:32:42,324 - API còn lại: 776.0 yêu cầu, reset sau 7.28 phút
2025-04-26 01:33:32,028 - API còn lại: 713.0 yêu cầu, reset sau 6.48 phút
2025-04-26 01:34:20,702 - API còn lại: 652.0 yêu cầu, reset sau 5.65 phút
2025-04-26 01:34:35,202 - Đã lưu 165 bản ghi vào Data/contents_20250426_013435.csv
2025-04-26 01:34:35,208 - Đã lưu 359 bản ghi vào Data/comments_20250426_013435.csv
2025-04-26 01:34:35,209 - Đã thu thập 165 bài đăng từ r/science
2025-04-26 01:34:36,380 - API còn lại: 636.0 yêu cầu, reset sau 5.45 phút
2025-04-26 01:37:39,955 - API còn lại: 582.0 yêu cầu, reset sau 2.35 phút
2025-04-26 01:40:07,533 - API còn lại: 998.0 yêu cầu, reset sau 9.90 phút
2025-04-26 01:42:00,706 - API còn lại: 947.0 yêu cầu, reset sau 8.00 phút
2025-04-26 01:43:44,518 - API còn lại: 897.0 yêu cầu, reset sau 6.28 phút
2025-04-26 01:45:14,730 - API còn lại: 846.0 yêu cầu, reset sau 4.77 phút
2025-04-26 01:46:33,062 - API còn lại: 796.0 yêu cầu, reset sau 3.45 phút
2025-04-26 01:47:44,831 - API còn lại: 745.0 yêu cầu, reset sau 2.28 phút
2025-04-26 01:48:58,893 - API còn lại: 695.0 yêu cầu, reset sau 1.01 phút
2025-04-26 01:50:08,016 - Đã lưu 500 bản ghi vào Data/contents_20250426_015008.csv
2025-04-26 01:50:08,123 - Đã lưu 20670 bản ghi vào Data/comments_20250426_015008.csv
2025-04-26 01:50:08,124 - Đã thu thập 500 bài đăng từ r/todayilearned
2025-04-26 01:50:09,751 - API còn lại: 993.0 yêu cầu, reset sau 9.85 phút
2025-04-26 01:51:11,593 - API còn lại: 943.0 yêu cầu, reset sau 8.80 phút
2025-04-26 01:52:11,320 - API còn lại: 892.0 yêu cầu, reset sau 7.83 phút
2025-04-26 01:53:11,485 - API còn lại: 842.0 yêu cầu, reset sau 6.80 phút
2025-04-26 01:54:08,069 - API còn lại: 791.0 yêu cầu, reset sau 5.88 phút
2025-04-26 01:55:01,079 - API còn lại: 741.0 yêu cầu, reset sau 4.98 phút
2025-04-26 01:55:55,060 - API còn lại: 690.0 yêu cầu, reset sau 4.10 phút
2025-04-26 01:56:45,539 - API còn lại: 640.0 yêu cầu, reset sau 3.23 phút
2025-04-26 01:56:57,300 - Đã lưu 361 bản ghi vào Data/contents_20250426_015657.csv
2025-04-26 01:56:57,321 - Đã lưu 3398 bản ghi vào Data/comments_20250426_015657.csv
2025-04-26 01:56:57,324 - Đã thu thập 361 bài đăng từ r/todayilearned
2025-04-26 01:56:57,325 - 
--- LĨNH VỰC: News ---
2025-04-26 01:56:57,325 - Đang thu thập từ r/worldnews... (Lần thử 1)
2025-04-26 01:56:57,325 - Đang thu thập từ r/news... (Lần thử 1)
2025-04-26 01:56:58,752 - API còn lại: 627.0 yêu cầu, reset sau 3.03 phút
2025-04-26 01:56:59,271 - API còn lại: 628.0 yêu cầu, reset sau 3.03 phút
2025-04-26 02:00:31,287 - API còn lại: 988.0 yêu cầu, reset sau 9.53 phút
2025-04-26 02:00:31,382 - API còn lại: 987.0 yêu cầu, reset sau 9.53 phút
2025-04-26 02:03:44,580 - API còn lại: 887.0 yêu cầu, reset sau 6.27 phút
2025-04-26 02:03:50,783 - API còn lại: 883.0 yêu cầu, reset sau 6.17 phút
2025-04-26 02:06:23,099 - API còn lại: 791.0 yêu cầu, reset sau 3.63 phút
2025-04-26 02:06:45,426 - API còn lại: 778.0 yêu cầu, reset sau 3.30 phút
2025-04-26 02:08:42,773 - API còn lại: 694.0 yêu cầu, reset sau 1.30 phút
2025-04-26 02:09:14,417 - API còn lại: 671.0 yêu cầu, reset sau 0.77 phút
2025-04-26 02:10:49,967 - API còn lại: 963.0 yêu cầu, reset sau 9.22 phút
2025-04-26 02:11:25,618 - API còn lại: 931.0 yêu cầu, reset sau 8.58 phút
2025-04-26 02:12:43,425 - API còn lại: 868.0 yêu cầu, reset sau 7.28 phút
2025-04-26 02:13:40,459 - API còn lại: 815.0 yêu cầu, reset sau 6.35 phút
2025-04-26 02:14:21,863 - API còn lại: 778.0 yêu cầu, reset sau 5.65 phút
2025-04-26 02:15:40,910 - API còn lại: 701.0 yêu cầu, reset sau 4.35 phút
2025-04-26 02:15:50,143 - API còn lại: 691.0 yêu cầu, reset sau 4.17 phút
2025-04-26 02:17:10,571 - API còn lại: 609.0 yêu cầu, reset sau 2.82 phút
2025-04-26 02:17:46,008 - API còn lại: 570.0 yêu cầu, reset sau 2.25 phút
2025-04-26 02:18:20,118 - Đã lưu 500 bản ghi vào Data/contents_20250426_021820.csv
2025-04-26 02:18:20,261 - Đã lưu 25937 bản ghi vào Data/comments_20250426_021820.csv
2025-04-26 02:18:20,263 - Đã thu thập 500 bài đăng từ r/news
2025-04-26 02:18:21,234 - API còn lại: 527.0 yêu cầu, reset sau 1.65 phút
2025-04-26 02:19:21,246 - API còn lại: 448.0 yêu cầu, reset sau 0.65 phút
2025-04-26 02:19:29,025 - API còn lại: 436.0 yêu cầu, reset sau 0.53 phút
2025-04-26 02:19:36,816 - Đã lưu 64 bản ghi vào Data/contents_20250426_021936.csv
2025-04-26 02:19:36,820 - Đã lưu 544 bản ghi vào Data/comments_20250426_021936.csv
2025-04-26 02:19:36,822 - Đã thu thập 64 bài đăng từ r/news
2025-04-26 02:19:36,822 - Đang thu thập từ r/VietNam... (Lần thử 1)
2025-04-26 02:19:39,625 - API còn lại: 423.0 yêu cầu, reset sau 0.38 phút
2025-04-26 02:21:13,012 - Đã lưu 500 bản ghi vào Data/contents_20250426_022113.csv
2025-04-26 02:21:13,168 - Đã lưu 30279 bản ghi vào Data/comments_20250426_022113.csv
2025-04-26 02:21:13,170 - Đã thu thập 500 bài đăng từ r/worldnews
2025-04-26 02:21:14,911 - API còn lại: 931.0 yêu cầu, reset sau 8.77 phút
2025-04-26 02:21:30,708 - API còn lại: 915.0 yêu cầu, reset sau 8.53 phút
2025-04-26 02:22:48,721 - API còn lại: 823.0 yêu cầu, reset sau 7.22 phút
2025-04-26 02:22:50,652 - API còn lại: 820.0 yêu cầu, reset sau 7.17 phút
2025-04-26 02:23:58,730 - API còn lại: 736.0 yêu cầu, reset sau 6.02 phút
2025-04-26 02:24:27,957 - API còn lại: 699.0 yêu cầu, reset sau 5.55 phút
2025-04-26 02:25:01,802 - API còn lại: 650.0 yêu cầu, reset sau 5.00 phút
2025-04-26 02:25:44,054 - API còn lại: 584.0 yêu cầu, reset sau 4.28 phút
2025-04-26 02:26:00,599 - API còn lại: 556.0 yêu cầu, reset sau 3.98 phút
2025-04-26 02:27:03,378 - API còn lại: 469.0 yêu cầu, reset sau 2.98 phút
2025-04-26 02:27:03,514 - API còn lại: 467.0 yêu cầu, reset sau 2.95 phút
2025-04-26 02:27:55,084 - API còn lại: 385.0 yêu cầu, reset sau 2.08 phút
2025-04-26 02:28:21,300 - API còn lại: 344.0 yêu cầu, reset sau 1.65 phút
2025-04-26 02:28:50,594 - API còn lại: 301.0 yêu cầu, reset sau 1.18 phút
2025-04-26 02:29:42,760 - API còn lại: 224.0 yêu cầu, reset sau 0.28 phút
2025-04-26 02:30:03,174 - API còn lại: 998.0 yêu cầu, reset sau 9.97 phút
2025-04-26 02:30:31,779 - Đã lưu 500 bản ghi vào Data/contents_20250426_023031.csv
2025-04-26 02:30:31,842 - Đã lưu 9879 bản ghi vào Data/comments_20250426_023031.csv
2025-04-26 02:30:31,845 - Đã thu thập 500 bài đăng từ r/VietNam
2025-04-26 02:30:33,524 - API còn lại: 953.0 yêu cầu, reset sau 9.47 phút
2025-04-26 02:31:23,369 - API còn lại: 883.0 yêu cầu, reset sau 8.62 phút
2025-04-26 02:32:06,907 - API còn lại: 821.0 yêu cầu, reset sau 7.90 phút
2025-04-26 02:32:13,668 - API còn lại: 810.0 yêu cầu, reset sau 7.80 phút
2025-04-26 02:33:02,653 - API còn lại: 729.0 yêu cầu, reset sau 6.95 phút
2025-04-26 02:33:24,947 - API còn lại: 691.0 yêu cầu, reset sau 6.60 phút
2025-04-26 02:33:53,017 - API còn lại: 639.0 yêu cầu, reset sau 6.13 phút
2025-04-26 02:34:26,337 - API còn lại: 578.0 yêu cầu, reset sau 5.57 phút
2025-04-26 02:34:40,474 - API còn lại: 550.0 yêu cầu, reset sau 5.32 phút
2025-04-26 02:35:25,768 - Đã lưu 498 bản ghi vào Data/contents_20250426_023525.csv
2025-04-26 02:35:25,839 - Đã lưu 11938 bản ghi vào Data/comments_20250426_023525.csv
2025-04-26 02:35:25,841 - Đã thu thập 498 bài đăng từ r/worldnews
2025-04-26 02:35:25,841 - Đang thu thập từ r/AskReddit... (Lần thử 1)
2025-04-26 02:35:26,992 - API còn lại: 463.0 yêu cầu, reset sau 4.57 phút
2025-04-26 02:35:27,464 - API còn lại: 462.0 yêu cầu, reset sau 4.55 phút
2025-04-26 02:36:15,932 - API còn lại: 401.0 yêu cầu, reset sau 3.73 phút
2025-04-26 02:37:04,379 - API còn lại: 340.0 yêu cầu, reset sau 2.95 phút
2025-04-26 02:37:51,760 - API còn lại: 280.0 yêu cầu, reset sau 2.13 phút
2025-04-26 02:38:34,276 - Đã lưu 496 bản ghi vào Data/contents_20250426_023834.csv
2025-04-26 02:38:34,290 - Đã lưu 1717 bản ghi vào Data/comments_20250426_023834.csv
2025-04-26 02:38:34,293 - Đã thu thập 496 bài đăng từ r/VietNam
2025-04-26 02:39:23,068 - API còn lại: 215.0 yêu cầu, reset sau 0.66 phút
2025-04-26 02:43:18,309 - API còn lại: 957.0 yêu cầu, reset sau 6.70 phút
2025-04-26 02:46:57,553 - API còn lại: 907.0 yêu cầu, reset sau 3.10 phút
2025-04-26 02:50:26,942 - API còn lại: 993.0 yêu cầu, reset sau 9.55 phút
2025-04-26 02:53:57,695 - API còn lại: 943.0 yêu cầu, reset sau 6.10 phút
2025-04-26 02:57:29,334 - API còn lại: 892.0 yêu cầu, reset sau 2.52 phút
2025-04-26 03:00:42,864 - API còn lại: 988.0 yêu cầu, reset sau 9.33 phút
2025-04-26 03:03:49,236 - API còn lại: 937.0 yêu cầu, reset sau 6.18 phút
2025-04-26 03:06:42,328 - API còn lại: 887.0 yêu cầu, reset sau 3.33 phút
2025-04-26 03:09:28,815 - Đã lưu 500 bản ghi vào Data/contents_20250426_030928.csv
2025-04-26 03:09:29,077 - Đã lưu 48758 bản ghi vào Data/comments_20250426_030928.csv
2025-04-26 03:09:29,080 - Đã thu thập 500 bài đăng từ r/AskReddit
2025-04-26 03:09:30,646 - API còn lại: 836.0 yêu cầu, reset sau 0.50 phút
2025-04-26 03:12:13,548 - API còn lại: 960.0 yêu cầu, reset sau 7.77 phút
2025-04-26 03:14:46,327 - API còn lại: 909.0 yêu cầu, reset sau 5.23 phút
2025-04-26 03:17:07,224 - API còn lại: 859.0 yêu cầu, reset sau 2.88 phút
2025-04-26 03:19:26,896 - API còn lại: 808.0 yêu cầu, reset sau 0.57 phút
2025-04-26 03:21:42,702 - API còn lại: 962.0 yêu cầu, reset sau 8.30 phút
2025-04-26 03:23:49,052 - API còn lại: 911.0 yêu cầu, reset sau 6.18 phút
2025-04-26 03:25:37,686 - API còn lại: 861.0 yêu cầu, reset sau 4.38 phút
2025-04-26 03:27:32,887 - API còn lại: 810.0 yêu cầu, reset sau 2.45 phút
2025-04-26 03:29:05,963 - API còn lại: 760.0 yêu cầu, reset sau 0.90 phút
2025-04-26 03:30:35,670 - Đã lưu 498 bản ghi vào Data/contents_20250426_033035.csv
2025-04-26 03:30:35,911 - Đã lưu 43117 bản ghi vào Data/comments_20250426_033035.csv
2025-04-26 03:30:35,913 - Đã thu thập 498 bài đăng từ r/AskReddit
2025-04-26 03:30:35,914 - 
--- LĨNH VỰC: Entertainment ---
2025-04-26 03:30:35,915 - Đang thu thập từ r/movies... (Lần thử 1)
2025-04-26 03:30:35,916 - Đang thu thập từ r/gaming... (Lần thử 1)
2025-04-26 03:30:37,523 - API còn lại: 981.0 yêu cầu, reset sau 9.38 phút
2025-04-26 03:30:37,826 - API còn lại: 980.0 yêu cầu, reset sau 9.38 phút
2025-04-26 03:33:57,758 - API còn lại: 882.0 yêu cầu, reset sau 6.08 phút
2025-04-26 03:34:03,346 - API còn lại: 879.0 yêu cầu, reset sau 5.98 phút
2025-04-26 03:36:50,982 - API còn lại: 779.0 yêu cầu, reset sau 3.17 phút
2025-04-26 03:36:52,720 - API còn lại: 778.0 yêu cầu, reset sau 3.15 phút
2025-04-26 03:39:15,872 - API còn lại: 683.0 yêu cầu, reset sau 0.78 phút
2025-04-26 03:39:22,510 - API còn lại: 675.0 yêu cầu, reset sau 0.63 phút
2025-04-26 03:41:29,405 - API còn lại: 935.0 yêu cầu, reset sau 8.53 phút
2025-04-26 03:41:32,109 - API còn lại: 932.0 yêu cầu, reset sau 8.48 phút
2025-04-26 03:43:34,510 - API còn lại: 834.0 yêu cầu, reset sau 6.42 phút
2025-04-26 03:43:35,158 - API còn lại: 833.0 yêu cầu, reset sau 6.42 phút
2025-04-26 03:45:27,042 - API còn lại: 735.0 yêu cầu, reset sau 4.57 phút
2025-04-26 03:45:36,592 - API còn lại: 727.0 yêu cầu, reset sau 4.42 phút
2025-04-26 03:47:19,840 - API còn lại: 635.0 yêu cầu, reset sau 2.70 phút
2025-04-26 03:47:23,094 - API còn lại: 629.0 yêu cầu, reset sau 2.62 phút
2025-04-26 03:49:04,588 - API còn lại: 532.0 yêu cầu, reset sau 0.93 phút
2025-04-26 03:49:07,658 - API còn lại: 528.0 yêu cầu, reset sau 0.90 phút
2025-04-26 03:50:25,342 - API còn lại: 978.0 yêu cầu, reset sau 9.63 phút
2025-04-26 03:50:45,649 - API còn lại: 956.0 yêu cầu, reset sau 9.23 phút
2025-04-26 03:51:44,554 - Đã lưu 500 bản ghi vào Data/contents_20250426_035144.csv
2025-04-26 03:51:44,715 - Đã lưu 31376 bản ghi vào Data/comments_20250426_035144.csv
2025-04-26 03:51:44,718 - Đã thu thập 500 bài đăng từ r/gaming
2025-04-26 03:51:46,819 - API còn lại: 883.0 yêu cầu, reset sau 8.25 phút
2025-04-26 03:52:15,597 - Đã lưu 500 bản ghi vào Data/contents_20250426_035215.csv
2025-04-26 03:52:15,753 - Đã lưu 31294 bản ghi vào Data/comments_20250426_035215.csv
2025-04-26 03:52:15,756 - Đã thu thập 500 bài đăng từ r/movies
2025-04-26 03:52:18,256 - API còn lại: 842.0 yêu cầu, reset sau 7.73 phút
2025-04-26 03:52:57,972 - API còn lại: 791.0 yêu cầu, reset sau 7.03 phút
2025-04-26 03:53:42,451 - API còn lại: 733.0 yêu cầu, reset sau 6.33 phút
2025-04-26 03:54:09,246 - API còn lại: 695.0 yêu cầu, reset sau 5.87 phút
2025-04-26 03:54:54,817 - API còn lại: 628.0 yêu cầu, reset sau 5.12 phút
2025-04-26 03:55:12,510 - API còn lại: 601.0 yêu cầu, reset sau 4.78 phút
2025-04-26 03:56:11,834 - API còn lại: 514.0 yêu cầu, reset sau 3.82 phút
2025-04-26 03:56:15,605 - API còn lại: 507.0 yêu cầu, reset sau 3.73 phút
2025-04-26 03:57:07,134 - API còn lại: 431.0 yêu cầu, reset sau 2.88 phút
2025-04-26 03:57:38,764 - API còn lại: 382.0 yêu cầu, reset sau 2.37 phút
2025-04-26 03:58:06,925 - API còn lại: 339.0 yêu cầu, reset sau 1.90 phút
2025-04-26 03:58:47,377 - API còn lại: 272.0 yêu cầu, reset sau 1.20 phút
2025-04-26 03:59:01,196 - API còn lại: 248.0 yêu cầu, reset sau 0.98 phút
2025-04-26 03:59:51,787 - API còn lại: 164.0 yêu cầu, reset sau 0.17 phút
2025-04-26 03:59:57,725 - API còn lại: 153.0 yêu cầu, reset sau 0.05 phút
2025-04-26 04:00:52,324 - API còn lại: 914.0 yêu cầu, reset sau 9.12 phút
2025-04-26 04:00:57,080 - API còn lại: 905.0 yêu cầu, reset sau 9.05 phút
2025-04-26 04:01:48,227 - Đã lưu 493 bản ghi vào Data/contents_20250426_040148.csv
2025-04-26 04:01:48,296 - Đã lưu 11865 bản ghi vào Data/comments_20250426_040148.csv
2025-04-26 04:01:48,299 - Đã thu thập 493 bài đăng từ r/gaming
2025-04-26 04:01:48,300 - Đang thu thập từ r/music... (Lần thử 1)
2025-04-26 04:01:50,169 - API còn lại: 819.0 yêu cầu, reset sau 8.18 phút
2025-04-26 04:01:54,786 - API còn lại: 813.0 yêu cầu, reset sau 8.10 phút
2025-04-26 04:02:52,007 - API còn lại: 749.0 yêu cầu, reset sau 7.13 phút
2025-04-26 04:03:43,934 - Đã lưu 498 bản ghi vào Data/contents_20250426_040343.csv
2025-04-26 04:03:44,005 - Đã lưu 13646 bản ghi vào Data/comments_20250426_040343.csv
2025-04-26 04:03:44,009 - Đã thu thập 498 bài đăng từ r/movies
2025-04-26 04:03:44,009 - Đang thu thập từ r/funny... (Lần thử 1)
2025-04-26 04:03:45,685 - API còn lại: 687.0 yêu cầu, reset sau 6.25 phút
2025-04-26 04:04:56,202 - API còn lại: 645.0 yêu cầu, reset sau 5.10 phút
2025-04-26 04:06:27,284 - API còn lại: 579.0 yêu cầu, reset sau 3.57 phút
2025-04-26 04:07:05,872 - API còn lại: 551.0 yêu cầu, reset sau 2.92 phút
2025-04-26 04:08:48,991 - API còn lại: 463.0 yêu cầu, reset sau 1.20 phút
2025-04-26 04:08:50,547 - API còn lại: 464.0 yêu cầu, reset sau 1.20 phút
2025-04-26 04:10:31,329 - API còn lại: 974.0 yêu cầu, reset sau 9.50 phút
2025-04-26 04:10:39,979 - API còn lại: 962.0 yêu cầu, reset sau 9.35 phút
2025-04-26 04:11:52,893 - API còn lại: 881.0 yêu cầu, reset sau 8.12 phút
2025-04-26 04:12:11,828 - API còn lại: 856.0 yêu cầu, reset sau 7.82 phút
2025-04-26 04:13:08,373 - API còn lại: 786.0 yêu cầu, reset sau 6.88 phút
2025-04-26 04:13:41,240 - API còn lại: 747.0 yêu cầu, reset sau 6.32 phút
2025-04-26 04:14:25,988 - API còn lại: 686.0 yêu cầu, reset sau 5.57 phút
2025-04-26 04:15:01,657 - API còn lại: 643.0 yêu cầu, reset sau 4.98 phút
2025-04-26 04:15:40,858 - API còn lại: 587.0 yêu cầu, reset sau 4.33 phút
2025-04-26 04:16:11,359 - API còn lại: 542.0 yêu cầu, reset sau 3.82 phút
2025-04-26 04:16:45,357 - API còn lại: 490.0 yêu cầu, reset sau 3.23 phút
2025-04-26 04:17:19,871 - API còn lại: 434.0 yêu cầu, reset sau 2.68 phút
2025-04-26 04:17:40,485 - Đã lưu 500 bản ghi vào Data/contents_20250426_041740.csv
2025-04-26 04:17:40,594 - Đã lưu 18705 bản ghi vào Data/comments_20250426_041740.csv
2025-04-26 04:17:40,598 - Đã thu thập 500 bài đăng từ r/music
2025-04-26 04:17:42,204 - API còn lại: 397.0 yêu cầu, reset sau 2.32 phút
2025-04-26 04:18:27,349 - API còn lại: 327.0 yêu cầu, reset sau 1.55 phút
2025-04-26 04:18:43,262 - API còn lại: 301.0 yêu cầu, reset sau 1.28 phút
2025-04-26 04:19:30,743 - Đã lưu 500 bản ghi vào Data/contents_20250426_041930.csv
2025-04-26 04:19:30,860 - Đã lưu 27147 bản ghi vào Data/comments_20250426_041930.csv
2025-04-26 04:19:30,864 - Đã thu thập 500 bài đăng từ r/funny
2025-04-26 04:19:32,543 - API còn lại: 219.0 yêu cầu, reset sau 0.47 phút
2025-04-26 04:19:41,501 - API còn lại: 204.0 yêu cầu, reset sau 0.32 phút
2025-04-26 04:20:32,587 - API còn lại: 946.0 yêu cầu, reset sau 9.45 phút
2025-04-26 04:20:40,876 - API còn lại: 932.0 yêu cầu, reset sau 9.32 phút
2025-04-26 04:21:38,648 - API còn lại: 837.0 yêu cầu, reset sau 8.37 phút
2025-04-26 04:21:38,853 - API còn lại: 836.0 yêu cầu, reset sau 8.37 phút
2025-04-26 04:22:37,405 - API còn lại: 737.0 yêu cầu, reset sau 7.37 phút
2025-04-26 04:22:38,743 - API còn lại: 735.0 yêu cầu, reset sau 7.35 phút
2025-04-26 04:23:36,808 - API còn lại: 638.0 yêu cầu, reset sau 6.40 phút
2025-04-26 04:23:41,654 - API còn lại: 631.0 yêu cầu, reset sau 6.32 phút
2025-04-26 04:24:36,702 - API còn lại: 538.0 yêu cầu, reset sau 5.38 phút
2025-04-26 04:24:40,393 - API còn lại: 532.0 yêu cầu, reset sau 5.32 phút
2025-04-26 04:25:40,814 - API còn lại: 433.0 yêu cầu, reset sau 4.33 phút
2025-04-26 04:25:42,965 - API còn lại: 432.0 yêu cầu, reset sau 4.30 phút
2025-04-26 04:26:39,583 - API còn lại: 334.0 yêu cầu, reset sau 3.33 phút
2025-04-26 04:26:40,606 - API còn lại: 331.0 yêu cầu, reset sau 3.32 phút
2025-04-26 04:27:39,696 - Đã lưu 499 bản ghi vào Data/contents_20250426_042739.csv
2025-04-26 04:27:39,722 - Đã lưu 3999 bản ghi vào Data/comments_20250426_042739.csv
2025-04-26 04:27:39,727 - Đã thu thập 499 bài đăng từ r/music
2025-04-26 04:27:39,727 - Đang thu thập từ r/memes... (Lần thử 1)
2025-04-26 04:27:40,223 - API còn lại: 233.0 yêu cầu, reset sau 2.35 phút
2025-04-26 04:27:42,047 - API còn lại: 231.0 yêu cầu, reset sau 2.32 phút
2025-04-26 04:28:30,777 - API còn lại: 169.0 yêu cầu, reset sau 1.48 phút
2025-04-26 04:29:16,784 - Đã lưu 495 bản ghi vào Data/contents_20250426_042916.csv
2025-04-26 04:29:16,825 - Đã lưu 7731 bản ghi vào Data/comments_20250426_042916.csv
2025-04-26 04:29:16,829 - Đã thu thập 495 bài đăng từ r/funny
2025-04-26 04:30:28,666 - API còn lại: 989.0 yêu cầu, reset sau 9.55 phút
2025-04-26 04:32:36,354 - API còn lại: 938.0 yêu cầu, reset sau 7.42 phút
2025-04-26 04:34:08,715 - API còn lại: 888.0 yêu cầu, reset sau 5.85 phút
2025-04-26 04:35:34,124 - API còn lại: 837.0 yêu cầu, reset sau 4.45 phút
2025-04-26 04:36:59,312 - API còn lại: 787.0 yêu cầu, reset sau 3.02 phút
2025-04-26 04:38:21,239 - API còn lại: 736.0 yêu cầu, reset sau 1.67 phút
2025-04-26 04:39:36,395 - API còn lại: 686.0 yêu cầu, reset sau 0.38 phút
2025-04-26 04:40:50,949 - API còn lại: 965.0 yêu cầu, reset sau 9.17 phút
2025-04-26 04:41:54,024 - API còn lại: 915.0 yêu cầu, reset sau 8.10 phút
2025-04-26 04:43:02,543 - Đã lưu 500 bản ghi vào Data/contents_20250426_044302.csv
2025-04-26 04:43:02,655 - Đã lưu 23490 bản ghi vào Data/comments_20250426_044302.csv
2025-04-26 04:43:02,659 - Đã thu thập 500 bài đăng từ r/memes
2025-04-26 04:43:04,789 - API còn lại: 864.0 yêu cầu, reset sau 6.95 phút
2025-04-26 04:44:06,330 - API còn lại: 814.0 yêu cầu, reset sau 5.90 phút
2025-04-26 04:45:06,134 - API còn lại: 763.0 yêu cầu, reset sau 4.92 phút
2025-04-26 04:46:05,110 - API còn lại: 713.0 yêu cầu, reset sau 3.92 phút
2025-04-26 04:47:00,413 - API còn lại: 662.0 yêu cầu, reset sau 3.02 phút
2025-04-26 04:47:54,577 - API còn lại: 612.0 yêu cầu, reset sau 2.08 phút
2025-04-26 04:48:51,322 - API còn lại: 561.0 yêu cầu, reset sau 1.17 phút
2025-04-26 04:49:42,404 - API còn lại: 511.0 yêu cầu, reset sau 0.28 phút
2025-04-26 04:50:35,764 - API còn lại: 965.0 yêu cầu, reset sau 9.42 phút
2025-04-26 04:51:27,570 - API còn lại: 915.0 yêu cầu, reset sau 8.53 phút
2025-04-26 04:52:11,197 - Đã lưu 494 bản ghi vào Data/contents_20250426_045211.csv
2025-04-26 04:52:11,226 - Đã lưu 5819 bản ghi vào Data/comments_20250426_045211.csv
2025-04-26 04:52:11,231 - Đã thu thập 494 bài đăng từ r/memes
2025-04-26 04:52:11,231 - 
--- LĨNH VỰC: Lifestyle ---
2025-04-26 04:52:11,231 - Đang thu thập từ r/fitness... (Lần thử 1)
2025-04-26 04:52:11,232 - Đang thu thập từ r/food... (Lần thử 1)
2025-04-26 04:52:12,230 - API còn lại: 870.0 yêu cầu, reset sau 7.80 phút
2025-04-26 04:52:14,879 - API còn lại: 869.0 yêu cầu, reset sau 7.80 phút
2025-04-26 04:53:22,162 - API còn lại: 784.0 yêu cầu, reset sau 6.63 phút
2025-04-26 04:53:51,725 - Đã lưu 49 bản ghi vào Data/contents_20250426_045351.csv
2025-04-26 04:53:51,740 - Đã lưu 1936 bản ghi vào Data/comments_20250426_045351.csv
2025-04-26 04:53:51,747 - Đã thu thập 49 bài đăng từ r/fitness
2025-04-26 04:53:51,747 - Đang thu thập từ r/travel... (Lần thử 1)
2025-04-26 04:53:55,519 - API còn lại: 745.0 yêu cầu, reset sau 6.13 phút
2025-04-26 04:54:24,559 - API còn lại: 706.0 yêu cầu, reset sau 5.63 phút
2025-04-26 04:55:17,358 - API còn lại: 637.0 yêu cầu, reset sau 4.72 phút
2025-04-26 04:56:05,994 - API còn lại: 572.0 yêu cầu, reset sau 3.90 phút
2025-04-26 04:56:11,953 - API còn lại: 564.0 yêu cầu, reset sau 3.83 phút
2025-04-26 04:57:04,176 - API còn lại: 488.0 yêu cầu, reset sau 2.93 phút
2025-04-26 04:57:49,942 - API còn lại: 424.0 yêu cầu, reset sau 2.20 phút
2025-04-26 04:57:59,260 - API còn lại: 410.0 yêu cầu, reset sau 2.05 phút
2025-04-26 04:58:49,223 - API còn lại: 325.0 yêu cầu, reset sau 1.18 phút
2025-04-26 04:59:04,382 - API còn lại: 301.0 yêu cầu, reset sau 0.92 phút
2025-04-26 04:59:43,705 - API còn lại: 239.0 yêu cầu, reset sau 0.32 phút
2025-04-26 05:00:15,451 - API còn lại: 978.0 yêu cầu, reset sau 9.77 phút
2025-04-26 05:00:36,334 - API còn lại: 939.0 yêu cầu, reset sau 9.40 phút
2025-04-26 05:01:15,554 - API còn lại: 872.0 yêu cầu, reset sau 8.73 phút
2025-04-26 05:01:35,222 - Đã lưu 500 bản ghi vào Data/contents_20250426_050135.csv
2025-04-26 05:01:35,255 - Đã lưu 5651 bản ghi vào Data/comments_20250426_050135.csv
2025-04-26 05:01:35,260 - Đã thu thập 500 bài đăng từ r/food
2025-04-26 05:01:39,013 - API còn lại: 839.0 yêu cầu, reset sau 8.40 phút
2025-04-26 05:02:17,752 - API còn lại: 773.0 yêu cầu, reset sau 7.73 phút
2025-04-26 05:02:35,527 - API còn lại: 740.0 yêu cầu, reset sau 7.40 phút
2025-04-26 05:03:17,822 - API còn lại: 669.0 yêu cầu, reset sau 6.70 phút
2025-04-26 05:03:39,231 - API còn lại: 637.0 yêu cầu, reset sau 6.38 phút
2025-04-26 05:04:17,936 - API còn lại: 571.0 yêu cầu, reset sau 5.73 phút
2025-04-26 05:04:38,819 - API còn lại: 534.0 yêu cầu, reset sau 5.35 phút
2025-04-26 05:05:16,196 - API còn lại: 470.0 yêu cầu, reset sau 4.73 phút
2025-04-26 05:05:41,513 - API còn lại: 433.0 yêu cầu, reset sau 4.33 phút
2025-04-26 05:06:16,726 - Đã lưu 500 bản ghi vào Data/contents_20250426_050616.csv
2025-04-26 05:06:16,809 - Đã lưu 11692 bản ghi vào Data/comments_20250426_050616.csv
2025-04-26 05:06:16,813 - Đã thu thập 500 bài đăng từ r/travel
2025-04-26 05:06:19,691 - API còn lại: 369.0 yêu cầu, reset sau 3.70 phút
2025-04-26 05:06:39,549 - API còn lại: 332.0 yêu cầu, reset sau 3.33 phút
2025-04-26 05:07:19,076 - API còn lại: 268.0 yêu cầu, reset sau 2.68 phút
2025-04-26 05:07:42,028 - API còn lại: 232.0 yêu cầu, reset sau 2.33 phút
2025-04-26 05:08:18,558 - API còn lại: 169.0 yêu cầu, reset sau 1.72 phút
2025-04-26 05:08:42,016 - API còn lại: 130.0 yêu cầu, reset sau 1.30 phút
2025-04-26 05:09:18,890 - API còn lại: 67.0 yêu cầu, reset sau 0.68 phút
2025-04-26 05:09:44,392 - API còn lại: 28.0 yêu cầu, reset sau 0.28 phút
2025-04-26 05:09:44,392 - Đang chờ 26.99s do giới hạn API...
2025-04-26 05:10:14,498 - API còn lại: 984.0 yêu cầu, reset sau 9.77 phút
2025-04-26 05:11:06,613 - API còn lại: 889.0 yêu cầu, reset sau 8.88 phút
2025-04-26 05:11:08,558 - API còn lại: 885.0 yêu cầu, reset sau 8.85 phút
2025-04-26 05:12:05,117 - Đã lưu 499 bản ghi vào Data/contents_20250426_051205.csv
2025-04-26 05:12:05,123 - Đã lưu 1474 bản ghi vào Data/comments_20250426_051205.csv
2025-04-26 05:12:05,130 - Đã thu thập 499 bài đăng từ r/food
2025-04-26 05:12:05,130 - Đang thu thập từ r/aww... (Lần thử 1)
2025-04-26 05:12:08,064 - API còn lại: 789.0 yêu cầu, reset sau 7.90 phút
2025-04-26 05:12:10,532 - API còn lại: 785.0 yêu cầu, reset sau 7.83 phút
2025-04-26 05:12:59,046 - API còn lại: 720.0 yêu cầu, reset sau 7.02 phút
2025-04-26 05:13:47,900 - API còn lại: 652.0 yêu cầu, reset sau 6.22 phút
2025-04-26 05:14:23,230 - API còn lại: 599.0 yêu cầu, reset sau 5.63 phút
2025-04-26 05:14:35,099 - API còn lại: 578.0 yêu cầu, reset sau 5.42 phút
2025-04-26 05:15:18,423 - Đã lưu 494 bản ghi vào Data/contents_20250426_051518.csv
2025-04-26 05:15:18,441 - Đã lưu 1945 bản ghi vào Data/comments_20250426_051518.csv
2025-04-26 05:15:18,450 - Đã thu thập 494 bài đăng từ r/travel
2025-04-26 05:15:46,789 - API còn lại: 489.0 yêu cầu, reset sau 4.25 phút
2025-04-26 05:16:49,555 - API còn lại: 439.0 yêu cầu, reset sau 3.18 phút
2025-04-26 05:17:52,639 - API còn lại: 388.0 yêu cầu, reset sau 2.15 phút
2025-04-26 05:18:48,644 - API còn lại: 338.0 yêu cầu, reset sau 1.18 phút
2025-04-26 05:19:47,534 - API còn lại: 287.0 yêu cầu, reset sau 0.23 phút
2025-04-26 05:20:42,001 - API còn lại: 961.0 yêu cầu, reset sau 9.30 phút
2025-04-26 05:21:38,337 - API còn lại: 910.0 yêu cầu, reset sau 8.38 phút
2025-04-26 05:22:30,956 - API còn lại: 860.0 yêu cầu, reset sau 7.48 phút
2025-04-26 05:23:23,489 - Đã lưu 500 bản ghi vào Data/contents_20250426_052323.csv
2025-04-26 05:23:23,552 - Đã lưu 15547 bản ghi vào Data/comments_20250426_052323.csv
2025-04-26 05:23:23,556 - Đã thu thập 500 bài đăng từ r/aww
2025-04-26 05:23:26,057 - API còn lại: 809.0 yêu cầu, reset sau 6.60 phút
2025-04-26 05:24:17,656 - API còn lại: 759.0 yêu cầu, reset sau 5.70 phút
2025-04-26 05:25:11,850 - API còn lại: 708.0 yêu cầu, reset sau 4.83 phút
2025-04-26 05:26:01,899 - API còn lại: 658.0 yêu cầu, reset sau 3.97 phút
2025-04-26 05:26:56,689 - API còn lại: 607.0 yêu cầu, reset sau 3.10 phút
2025-04-26 05:27:46,851 - API còn lại: 557.0 yêu cầu, reset sau 2.22 phút
2025-04-26 05:28:39,398 - API còn lại: 506.0 yêu cầu, reset sau 1.37 phút
2025-04-26 05:29:30,884 - API còn lại: 456.0 yêu cầu, reset sau 0.48 phút
2025-04-26 05:30:22,307 - API còn lại: 978.0 yêu cầu, reset sau 9.65 phút
2025-04-26 05:31:11,028 - API còn lại: 928.0 yêu cầu, reset sau 8.82 phút
2025-04-26 05:31:58,441 - Đã lưu 497 bản ghi vào Data/contents_20250426_053158.csv
2025-04-26 05:31:58,453 - Đã lưu 2806 bản ghi vào Data/comments_20250426_053158.csv
2025-04-26 05:31:58,462 - Đã thu thập 497 bài đăng từ r/aww
2025-04-26 05:31:58,547 - Đã lưu 6653 bản ghi vào Data/contents_20250426_053158.csv
2025-04-26 05:31:59,124 - Đã lưu 115300 bản ghi vào Data/comments_20250426_053158.csv
2025-04-26 05:31:59,124 - 
HOÀN TẤT THU THẬP DỮ LIỆU: 2025-04-26 05:31:59
2025-04-26 05:31:59,124 - Tổng thời gian chạy: 4.57 giờ
